<?xml version="1.0" encoding="UTF-8"?>
<testng-results skipped="0" failed="0" ignored="0" total="0" passed="0">
  <reporter-output>
  </reporter-output>
  <suite name="Default suite" duration-ms="656" started-at="2023-02-16T11:12:37 IST" finished-at="2023-02-16T11:12:38 IST">
    <groups>
      <group name="Functionality">
        <method signature="Hotels_001_Test.printLocator([Ljava.lang.String;)[pri:0, instance:hotelsTestCase.Hotels_001_Test@436e852b]" name="printLocator" class="hotelsTestCase.Hotels_001_Test"/>
      </group> <!-- Functionality -->
    </groups>
    <test name="Default test" duration-ms="656" started-at="2023-02-16T11:12:37 IST" finished-at="2023-02-16T11:12:38 IST">
    </test> <!-- Default test -->
  </suite> <!-- Default suite -->
</testng-results>
